d:\file_wzq\code_vs\cv_hw3\myeigenface\myeigenface\myeigenface\debug\vc142.pdb
d:\file_wzq\code_vs\cv_hw3\myeigenface\myeigenface\myeigenface\debug\vc142.idb
d:\file_wzq\code_vs\cv_hw3\myeigenface\myeigenface\myeigenface\debug\train.obj
d:\file_wzq\code_vs\cv_hw3\myeigenface\myeigenface\myeigenface\debug\myeigenface_train.obj
d:\file_wzq\code_vs\cv_hw3\myeigenface\myeigenface\debug\myeigenface_train.exe
d:\file_wzq\code_vs\cv_hw3\myeigenface\myeigenface\debug\myeigenface_train.ilk
d:\file_wzq\code_vs\cv_hw3\myeigenface\myeigenface\debug\myeigenface_train.pdb
d:\file_wzq\code_vs\cv_hw3\myeigenface\myeigenface\debug\opencv_cored.dll
d:\file_wzq\code_vs\cv_hw3\myeigenface\myeigenface\debug\zlibd1.dll
d:\file_wzq\code_vs\cv_hw3\myeigenface\myeigenface\debug\opencv_highguid.dll
d:\file_wzq\code_vs\cv_hw3\myeigenface\myeigenface\debug\opencv_videoiod.dll
d:\file_wzq\code_vs\cv_hw3\myeigenface\myeigenface\debug\opencv_imgcodecsd.dll
d:\file_wzq\code_vs\cv_hw3\myeigenface\myeigenface\debug\opencv_imgprocd.dll
d:\file_wzq\code_vs\cv_hw3\myeigenface\myeigenface\debug\jpeg62.dll
d:\file_wzq\code_vs\cv_hw3\myeigenface\myeigenface\debug\webpd.dll
d:\file_wzq\code_vs\cv_hw3\myeigenface\myeigenface\debug\libpng16d.dll
d:\file_wzq\code_vs\cv_hw3\myeigenface\myeigenface\debug\tiffd.dll
d:\file_wzq\code_vs\cv_hw3\myeigenface\myeigenface\debug\lzmad.dll
d:\file_wzq\code_vs\cv_hw3\myeigenface\myeigenface\myeigenface\debug\myeigenface_train.obj.enc
d:\file_wzq\code_vs\cv_hw3\myeigenface\myeigenface\myeigenface\debug\myeigenf.f8f0eb1f.tlog\cl.command.1.tlog
d:\file_wzq\code_vs\cv_hw3\myeigenface\myeigenface\myeigenface\debug\myeigenf.f8f0eb1f.tlog\cl.read.1.tlog
d:\file_wzq\code_vs\cv_hw3\myeigenface\myeigenface\myeigenface\debug\myeigenf.f8f0eb1f.tlog\cl.write.1.tlog
d:\file_wzq\code_vs\cv_hw3\myeigenface\myeigenface\myeigenface\debug\myeigenf.f8f0eb1f.tlog\link.command.1.tlog
d:\file_wzq\code_vs\cv_hw3\myeigenface\myeigenface\myeigenface\debug\myeigenf.f8f0eb1f.tlog\link.read.1.tlog
d:\file_wzq\code_vs\cv_hw3\myeigenface\myeigenface\myeigenface\debug\myeigenf.f8f0eb1f.tlog\link.write.1.tlog
d:\file_wzq\code_vs\cv_hw3\myeigenface\myeigenface\myeigenface\debug\myeigenf.f8f0eb1f.tlog\myeigenface_train.write.1u.tlog
