  MyEigenFace_train.cpp
D:\File_WZQ\Code_VS\CV_hw3\myEigenFace\MyEigenFace\MyEigenFace\MyEigenFace_train.cpp(72,59): warning C4244: “参数”: 从“double”转换到“_Tp”，可能丢失数据
          with
          [
              _Tp=int
          ]
D:\File_WZQ\Code_VS\CV_hw3\myEigenFace\MyEigenFace\MyEigenFace\MyEigenFace_train.cpp(72,41): warning C4244: “参数”: 从“double”转换到“_Tp”，可能丢失数据
          with
          [
              _Tp=int
          ]
D:\File_WZQ\Code_VS\CV_hw3\myEigenFace\MyEigenFace\MyEigenFace\MyEigenFace_train.cpp(75,30): warning C4244: “=”: 从“double”转换到“_Tp”，可能丢失数据
          with
          [
              _Tp=int
          ]
D:\File_WZQ\Code_VS\CV_hw3\myEigenFace\MyEigenFace\MyEigenFace\MyEigenFace_train.cpp(81,30): warning C4244: “=”: 从“double”转换到“_Tp”，可能丢失数据
          with
          [
              _Tp=int
          ]
D:\File_WZQ\Code_VS\CV_hw3\myEigenFace\MyEigenFace\MyEigenFace\MyEigenFace_train.cpp(425,20): warning C4018: “<”: 有符号/无符号不匹配
D:\File_WZQ\Code_VS\CV_hw3\myEigenFace\MyEigenFace\MyEigenFace\MyEigenFace_train.cpp(446,24): warning C4018: “<”: 有符号/无符号不匹配
  Train.cpp
  正在生成代码...
  MyEigenFace.vcxproj -> D:\File_WZQ\Code_VS\CV_hw3\myEigenFace\MyEigenFace\Debug\MyEigenFace_train.exe
